<?xml version="1.0" encoding="UTF-8"?>
<!-- Generated by org.testng.reporters.JUnitReportReporter -->
<testsuite skipped="0" hostname="sandeep" name="com.application.tests.TestClass" tests="1" failures="0" timestamp="26 May 2017 04:23:39 GMT" time="29.381" errors="0">
  <testcase name="testHome" time="29.381" classname="com.application.tests.TestClass"/>
</testsuite> <!-- com.application.tests.TestClass -->
